2.0 12.0 0.08324139562300775
2.0 112.0 0.11314569303996594
2.0 122.0 0.07942117502267235
2.0 1091.0 0.11760867799151023
2.0 1101.0 0.11946326833464624
2.0 1201.0 0.10542155453707654
2.0 1211.0 -1.0
12.0 112.0 0.1235871805603441
12.0 122.0 0.09034035941997154
12.0 1091.0 0.12820921523611428
12.0 1101.0 0.13005888415429856
12.0 1201.0 0.11594802228711035
12.0 1211.0 -1.0
112.0 122.0 0.11988820397795492
112.0 1091.0 0.1349772516014223
112.0 1101.0 0.13677930495582344
112.0 1201.0 0.11887405128688405
112.0 1211.0 -1.0
122.0 1091.0 0.12403720007563884
122.0 1101.0 0.12588767714448568
122.0 1201.0 0.1120979606849911
122.0 1211.0 -1.0
1091.0 1101.0 0.11061509204201742
1091.0 1201.0 0.12537434890065774
1091.0 1211.0 -1.0
1101.0 1201.0 0.12707997963603004
1101.0 1211.0 -1.0
1201.0 1211.0 -1.0
